
----------------------------------------------------------------------
17182:CCONVY
Entity: 8
A runtime error was detected at time 0.2712123 at the following block:

 *   99 489$            CONVEY:,SEQ;

Station 6 is not reachable from station 6
----------------------------------------------------------------------


SIMAN Run Controller.

0.2712123 Hours>
                                      ARENA Simulation Results
                                      Anocim - License: STUDENT

                                  Summary for Replication 1 of 1

Project: Unnamed Project                                             Run execution date :12/26/2025
Analyst: Windows User                                                Model revision date:12/26/2025

Replication ended at time      : 0.2712123 Hours 
Base Time Units: Hours

                                           TALLY VARIABLES

Identifier                                  Average   Half Width  Minimum    Maximum   Observations
___________________________________________________________________________________________________

Entidad_PC.VATime                               --         --         --         --          0
Entidad_PC.NVATime                              --         --         --         --          0
Entidad_PC.WaitTime                             --         --         --         --          0
Entidad_PC.TranTime                             --         --         --         --          0
Entidad_PC.OtherTime                            --         --         --         --          0
Entidad_PC.TotalTime                            --         --         --         --          0
Leave 5.Queue.WaitingTime                       --         --         --         --          0
Prep PlacaMadre.Queue.WaitingTime           .00000     (Insuf)    .00000     .00000          1    
Empaquetado.Queue.WaitingTime                   --         --         --         --          0
Leave 4.Queue.WaitingTime                       --         --         --         --          0
kitting.Queue.WaitingTime                   .00000     (Insuf)    .00000     .00000          2    
Instalar Gráfica.Queue.WaitingTime              --         --         --         --          0
Testeo.Queue.WaitingTime                        --         --         --         --          0
Leave 3.Queue.WaitingTime                       --         --         --         --          0
Leave 6.Queue.WaitingTime                       --         --         --         --          0
Ensamblaje Caja.Queue.WaitingTime               --         --         --         --          0
Leave 2.Queue.WaitingTime                   .00000     (Insuf)    .00000     .00000          1    
Pedir Carretilla.Queue.WaitingTime          .00000     (Insuf)    .00000     .00000          1    

                                     DISCRETE-CHANGE VARIABLES

Identifier                                  Average   Half Width  Minimum    Maximum   Final Value
___________________________________________________________________________________________________

Entidad_PC.WIP                              1.1491     (Insuf)    .00000     2.0000     2.0000    
Instalador.NumberBusy                       .00000     (Insuf)    .00000     .00000     .00000    
Instalador.NumberScheduled                  1.0000     (Insuf)    1.0000     1.0000     1.0000    
Instalador.Utilization                      .00000     (Insuf)    .00000     .00000     .00000    
Operario Almacén.NumberBusy                 .62018     (Insuf)    .00000     1.0000     1.0000    
Operario Almacén.NumberScheduled            1.0000     (Insuf)    1.0000     1.0000     1.0000    
Operario Almacén.Utilization                .62018     (Insuf)    .00000     1.0000     1.0000    
Soldador.NumberBusy                         .00000     (Insuf)    .00000     .00000     .00000    
Soldador.NumberScheduled                    1.0000     (Insuf)    1.0000     1.0000     1.0000    
Soldador.Utilization                        .00000     (Insuf)    .00000     .00000     .00000    
Wrapper.NumberBusy                          .00000     (Insuf)    .00000     .00000     .00000    
Wrapper.NumberScheduled                     1.0000     (Insuf)    1.0000     1.0000     1.0000    
Wrapper.Utilization                         .00000     (Insuf)    .00000     .00000     .00000    
Ingeniero.NumberBusy                        .37531     (Insuf)    .00000     1.0000     .00000    
Ingeniero.NumberScheduled                   1.0000     (Insuf)    1.0000     1.0000     1.0000    
Ingeniero.Utilization                       .37531     (Insuf)    .00000     1.0000     .00000    
Tester.NumberBusy                           .00000     (Insuf)    .00000     .00000     .00000    
Tester.NumberScheduled                      1.0000     (Insuf)    1.0000     1.0000     1.0000    
Tester.Utilization                          .00000     (Insuf)    .00000     .00000     .00000    
Leave 5.Queue.NumberInQueue                 .00000     (Insuf)    .00000     .00000     .00000    
Prep PlacaMadre.Queue.NumberInQueue         .00000     (Insuf)    .00000     .00000     .00000    
Empaquetado.Queue.NumberInQueue             .00000     (Insuf)    .00000     .00000     .00000    
Leave 4.Queue.NumberInQueue                 .00000     (Insuf)    .00000     .00000     .00000    
kitting.Queue.NumberInQueue                 .00000     (Insuf)    .00000     .00000     .00000    
Instalar Gráfica.Queue.NumberInQueue        .00000     (Insuf)    .00000     .00000     .00000    
Testeo.Queue.NumberInQueue                  .00000     (Insuf)    .00000     .00000     .00000    
Leave 3.Queue.NumberInQueue                 .00000     (Insuf)    .00000     .00000     .00000    
Leave 6.Queue.NumberInQueue                 .00000     (Insuf)    .00000     .00000     .00000    
Ensamblaje Caja.Queue.NumberInQueue         .00000     (Insuf)    .00000     .00000     .00000    
Leave 2.Queue.NumberInQueue                 .00000     (Insuf)    .00000     1.0000     .00000    
Pedir Carretilla.Queue.NumberInQueue        .00000     (Insuf)    .00000     .00000     .00000    

                                             OUTPUTS

Identifier                                   Value
_____________________________________________________________

Entidad_PC.NumberIn                         2.0000    
Entidad_PC.NumberOut                        .00000    
Instalador.NumberSeized                     .00000    
Instalador.ScheduledUtilization             .00000    
Operario Almacén.NumberSeized               2.0000    
Operario Almacén.ScheduledUtilization       .62018    
Soldador.NumberSeized                       .00000    
Soldador.ScheduledUtilization               .00000    
Wrapper.NumberSeized                        .00000    
Wrapper.ScheduledUtilization                .00000    
Ingeniero.NumberSeized                      1.0000    
Ingeniero.ScheduledUtilization              .37531    
Tester.NumberSeized                         .00000    
Tester.ScheduledUtilization                 .00000    
System.NumberOut                            .00000    


Simulation run time: 0.30 minutes.
Simulation run completed with 1 error(s) and 0 warning(s).
