
                                      ARENA Simulation Results
                                      Anocim - License: STUDENT

                                  Summary for Replication 1 of 1

Project: Unnamed Project                                             Run execution date : 1/ 7/2026
Analyst: Windows User                                                Model revision date: 1/ 7/2026

Replication ended at time      : 80640.0 Minutes 
Statistics were cleared at time: 1250.0 Minutes (Wednesday, January 07, 2026, 20:50:00)
Statistics accumulated for time: 79390.0 Minutes
Base Time Units: Minutes

                                           TALLY VARIABLES

Identifier                                  Average   Half Width  Minimum    Maximum   Observations
___________________________________________________________________________________________________

Entidad_gaming.VATime                       72.833     2.2646     51.344     125.89        347    
Entidad_gaming.NVATime                      .00000     .00000     .00000     .00000        347    
Entidad_gaming.WaitTime                     596.07     73.309     10.225     1307.7        347    
Entidad_gaming.TranTime                     36.790     .10657     35.142     37.305        347    
Entidad_gaming.OtherTime                    .00000     .00000     .00000     .00000        347    
Entidad_gaming.TotalTime                    705.69     73.712     104.90     1458.4        347    
Entidad_PC.VATime                               --         --         --         --          0
Entidad_PC.NVATime                              --         --         --         --          0
Entidad_PC.WaitTime                             --         --         --         --          0
Entidad_PC.TranTime                             --         --         --         --          0
Entidad_PC.OtherTime                            --         --         --         --          0
Entidad_PC.TotalTime                            --         --         --         --          0
Entidad_oficina.VATime                      53.361     .95947     31.988     95.817        806    
Entidad_oficina.NVATime                     .00000     .00000     .00000     .00000        806    
Entidad_oficina.WaitTime                    560.03     54.712     10.000     1246.7        806    
Entidad_oficina.TranTime                    36.738     .05877     35.142     37.305        806    
Entidad_oficina.OtherTime                   .00000     .00000     .00000     .00000        806    
Entidad_oficina.TotalTime                   650.13     55.052     84.393     1356.2        806    
Entidad_paquete.VATime                      292.80     (Insuf)    206.17     470.22         51    
Entidad_paquete.NVATime                     .00000     (Insuf)    .00000     .00000         51    
Entidad_paquete.WaitTime                    8820.5     (Insuf)    741.05     22836.         51    
Entidad_paquete.TranTime                    183.92     (Insuf)    180.02     186.50         51    
Entidad_paquete.OtherTime                   .00000     (Insuf)    .00000     .00000         51    
Entidad_paquete.TotalTime                   3094.4     (Insuf)    333.38     7318.8         51    
Leave 5.Queue.WaitingTime                   .13045     .00586     .00000     .29352       1054    
Prep PlacaMadre.Queue.WaitingTime           157.57     17.379     .00000     963.44       1409    
Leave 7.Queue.WaitingTime                   2.1209     .90632     .00000     55.971        354    
Batch 2.Queue.WaitingTime                   1209.1     (Insuf)    .00000     7039.5        255    
Empaquetado.Queue.WaitingTime               38.756     10.380     .00000     957.14       1054    
Arreglo.Queue.WaitingTime                   19.468     5.9858     .00000     504.63        354    
Leave 4.Queue.WaitingTime                   .08165     .00836     .00000     .29392        423    
kitting.Queue.WaitingTime                   79.872     8.5182     .00000     492.54       1410    
Instalar Gráfica.Queue.WaitingTime          118.99     22.838     .00000     958.67        423    
Testeo.Queue.WaitingTime                    82.817     17.228     .00000     959.82       1408    
Leave 3.Queue.WaitingTime                   .11660     .00515     .00000     .29392       1409    
Leave 6.Queue.WaitingTime                   .11355     .00452     .00000     .29369       1054    
Ensamblaje Caja.Queue.WaitingTime           64.333     15.011     .00000     676.20       1409    
Leave 8.Queue.WaitingTime                   1.5979     .34102     .00000     19.082        354    
Descarga.Queue.WaitingTime                  62.615     17.387     .00000     959.77       1406    
Leave 2.Queue.WaitingTime                   .12330     .00569     .00000     .29374       1409    
Pedir Carretilla.Queue.WaitingTime          37.156     7.8797     .00000     259.72       1410    

                                     DISCRETE-CHANGE VARIABLES

Identifier                                  Average   Half Width  Minimum    Maximum   Final Value
___________________________________________________________________________________________________

WIP_warmupu                                 15.981     1.2634     3.0000     30.000     18.000    
WIP                                         15.981     1.2634     3.0000     30.000     18.000    
Entidad_gaming.WIP                          5.9479     .56425     .00000     14.000     6.0000    
Entidad_PC.WIP                              .00000     (Insuf)    .00000     1.0000     .00000    
Entidad_oficina.WIP                         10.033     .93883     1.0000     23.000     12.000    
Entidad_paquete.WIP                         .00000     (Insuf)    .00000     1.0000     .00000    
Instalador.NumberBusy                       .01766     .00199     .00000     1.0000     .00000    
Instalador.NumberScheduled                  .33254     (Insuf)    .00000     1.0000     .00000    
Instalador.Utilization                      .01766     .00199     .00000     1.0000     .00000    
Reparadores.NumberBusy                      .18497     .02354     .00000     1.0000     .00000    
Reparadores.NumberScheduled                 .66566     (Insuf)    .00000     1.0000     1.0000    
Reparadores.Utilization                     .18497     .02354     .00000     1.0000     .00000    
Operario Almacén.NumberBusy                 .16560     .01174     .00000     1.0000     .00000    
Operario Almacén.NumberScheduled            .66689     (Insuf)    .00000     1.0000     1.0000    
Operario Almacén.Utilization                .16560     .01174     .00000     1.0000     .00000    
Soldador.NumberBusy                         .32477     (Corr)     .00000     1.0000     .00000    
Soldador.NumberScheduled                    .66580     (Insuf)    .00000     1.0000     1.0000    
Soldador.Utilization                        .32477     (Corr)     .00000     1.0000     .00000    
Cargadores.NumberBusy                       .03801     (Corr)     .00000     1.0000     .00000    
Cargadores.NumberScheduled                  .33254     (Insuf)    .00000     1.0000     .00000    
Cargadores.Utilization                      .03801     (Corr)     .00000     1.0000     .00000    
Wrapper.NumberBusy                          .06636     (Corr)     .00000     1.0000     .00000    
Wrapper.NumberScheduled                     .33254     (Insuf)    .00000     1.0000     .00000    
Wrapper.Utilization                         .06636     (Corr)     .00000     1.0000     .00000    
Ingeniero.NumberBusy                        .09396     (Corr)     .00000     1.0000     .00000    
Ingeniero.NumberScheduled                   .33254     (Insuf)    .00000     1.0000     .00000    
Ingeniero.Utilization                       .09396     (Corr)     .00000     1.0000     .00000    
Tester.NumberBusy                           .13165     (Corr)     .00000     1.0000     .00000    
Tester.NumberScheduled                      .33254     (Insuf)    .00000     1.0000     .00000    
Tester.Utilization                          .13165     (Corr)     .00000     1.0000     .00000    
Leave 5.Queue.NumberInQueue                 .00173     (Corr)     .00000     1.0000     .00000    
Prep PlacaMadre.Queue.NumberInQueue         2.8361     .43911     .00000     17.000     8.0000    
Leave 7.Queue.NumberInQueue                 .00946     (Insuf)    .00000     3.0000     .00000    
Batch 2.Queue.NumberInQueue                 4.1202     (Insuf)    .00000     9.0000     4.0000    
Empaquetado.Queue.NumberInQueue             .51454     (Insuf)    .00000     3.0000     .00000    
Arreglo.Queue.NumberInQueue                 .08681     .03731     .00000     4.0000     .00000    
Leave 4.Queue.NumberInQueue                 4.3503E-04 6.9686E-05 .00000     1.0000     .00000    
kitting.Queue.NumberInQueue                 1.4185     .21326     .00000     12.000     .00000    
Instalar Gráfica.Queue.NumberInQueue        .64524     (Insuf)    .00000     4.0000     1.0000    
Testeo.Queue.NumberInQueue                  1.4720     .28365     .00000     10.000     2.0000    
Leave 3.Queue.NumberInQueue                 .00207     (Corr)     .00000     1.0000     .00000    
Leave 6.Queue.NumberInQueue                 .00151     (Corr)     .00000     1.0000     .00000    
Ensamblaje Caja.Queue.NumberInQueue         1.1417     .31848     .00000     14.000     .00000    
Leave 8.Queue.NumberInQueue                 .00713     (Insuf)    .00000     1.0000     .00000    
Descarga.Queue.NumberInQueue                1.1328     (Insuf)    .00000     4.0000     3.0000    
Leave 2.Queue.NumberInQueue                 .00219     (Corr)     .00000     1.0000     .00000    
Pedir Carretilla.Queue.NumberInQueue        .65992     .14316     .00000     13.000     .00000    

                                             OUTPUTS

Identifier                                   Value
_____________________________________________________________

Number_out                                  1408.0    
Entidad_gaming.NumberIn                     424.00    
Entidad_gaming.NumberOut                    422.00    
Entidad_PC.NumberIn                         1410.0    
Entidad_PC.NumberOut                        1410.0    
Entidad_oficina.NumberIn                    986.00    
Entidad_oficina.NumberOut                   986.00    
Entidad_paquete.NumberIn                    51.000    
Entidad_paquete.NumberOut                   51.000    
Instalador.NumberSeized                     423.00    
Instalador.ScheduledUtilization             .05310    
Reparadores.NumberSeized                    354.00    
Reparadores.ScheduledUtilization            .27788    
Operario Almacén.NumberSeized               1410.0    
Operario Almacén.ScheduledUtilization       .24832    
Soldador.NumberSeized                       1409.0    
Soldador.ScheduledUtilization               .48779    
Cargadores.NumberSeized                     1406.0    
Cargadores.ScheduledUtilization             .11431    
Wrapper.NumberSeized                        1054.0    
Wrapper.ScheduledUtilization                .19956    
Ingeniero.NumberSeized                      1409.0    
Ingeniero.ScheduledUtilization              .28255    
Tester.NumberSeized                         1408.0    
Tester.ScheduledUtilization                 .39590    
System.NumberOut                            1204.0    


Simulation run time: 6.80 minutes.
Simulation run complete.
